mode: set
github.com/imansohibul/otp-service/entity/error.go:11.37,13.2 1 0
github.com/imansohibul/otp-service/entity/error.go:16.56,18.2 1 1
github.com/imansohibul/otp-service/entity/otp.go:20.36,29.2 3 0
github.com/imansohibul/otp-service/internal/handler/otp.go:13.65,19.39 2 1
github.com/imansohibul/otp-service/internal/handler/otp.go:19.39,21.3 1 1
github.com/imansohibul/otp-service/internal/handler/otp.go:23.2,24.16 2 1
github.com/imansohibul/otp-service/internal/handler/otp.go:24.16,26.3 1 1
github.com/imansohibul/otp-service/internal/handler/otp.go:28.2,31.4 1 1
github.com/imansohibul/otp-service/internal/handler/otp.go:36.66,42.39 2 1
github.com/imansohibul/otp-service/internal/handler/otp.go:42.39,44.3 1 1
github.com/imansohibul/otp-service/internal/handler/otp.go:46.2,47.16 2 1
github.com/imansohibul/otp-service/internal/handler/otp.go:47.16,49.3 1 1
github.com/imansohibul/otp-service/internal/handler/otp.go:51.2,54.4 1 1
github.com/imansohibul/otp-service/internal/handler/server.go:23.61,40.16 8 0
github.com/imansohibul/otp-service/internal/handler/server.go:40.16,42.3 1 0
github.com/imansohibul/otp-service/internal/handler/server.go:44.2,52.15 6 0
github.com/imansohibul/otp-service/internal/handler/server.go:56.53,58.2 1 0
github.com/imansohibul/otp-service/internal/handler/server.go:62.61,64.2 1 0
github.com/imansohibul/otp-service/internal/handler/server.go:67.72,80.2 2 0
github.com/imansohibul/otp-service/internal/handler/middleware/middleware.go:12.48,15.30 2 1
github.com/imansohibul/otp-service/internal/handler/middleware/middleware.go:15.30,17.3 1 1
github.com/imansohibul/otp-service/internal/handler/middleware/middleware.go:20.2,20.32 1 1
github.com/imansohibul/otp-service/internal/handler/middleware/middleware.go:20.32,22.52 2 1
github.com/imansohibul/otp-service/internal/handler/middleware/middleware.go:22.52,24.4 1 1
github.com/imansohibul/otp-service/internal/handler/middleware/middleware.go:26.3,30.9 2 1
github.com/imansohibul/otp-service/internal/handler/middleware/middleware.go:34.2,37.3 1 1
github.com/imansohibul/otp-service/internal/usecase/otp.go:21.82,26.2 1 1
github.com/imansohibul/otp-service/internal/usecase/otp.go:28.86,31.65 2 1
github.com/imansohibul/otp-service/internal/usecase/otp.go:31.65,32.57 1 1
github.com/imansohibul/otp-service/internal/usecase/otp.go:32.57,34.4 1 1
github.com/imansohibul/otp-service/internal/usecase/otp.go:37.2,38.16 2 1
github.com/imansohibul/otp-service/internal/usecase/otp.go:38.16,40.3 1 0
github.com/imansohibul/otp-service/internal/usecase/otp.go:42.2,48.51 2 1
github.com/imansohibul/otp-service/internal/usecase/otp.go:48.51,50.3 1 1
github.com/imansohibul/otp-service/internal/usecase/otp.go:52.2,52.17 1 1
github.com/imansohibul/otp-service/internal/usecase/otp.go:55.104,57.16 2 1
github.com/imansohibul/otp-service/internal/usecase/otp.go:57.16,59.3 1 1
github.com/imansohibul/otp-service/internal/usecase/otp.go:62.2,62.54 1 1
github.com/imansohibul/otp-service/internal/usecase/otp.go:62.54,64.3 1 1
github.com/imansohibul/otp-service/internal/usecase/otp.go:67.2,67.55 1 1
github.com/imansohibul/otp-service/internal/usecase/otp.go:67.55,69.3 1 1
github.com/imansohibul/otp-service/internal/usecase/otp.go:71.2,71.17 1 1
github.com/imansohibul/otp-service/internal/usecase/otp.go:75.84,79.45 2 1
github.com/imansohibul/otp-service/internal/usecase/otp.go:79.45,81.3 1 1
github.com/imansohibul/otp-service/internal/usecase/otp.go:84.2,84.30 1 1
github.com/imansohibul/otp-service/internal/usecase/otp.go:84.30,85.44 1 1
github.com/imansohibul/otp-service/internal/usecase/otp.go:85.44,87.53 2 1
github.com/imansohibul/otp-service/internal/usecase/otp.go:87.53,89.5 1 1
github.com/imansohibul/otp-service/internal/usecase/otp.go:91.3,91.30 1 1
github.com/imansohibul/otp-service/internal/usecase/otp.go:94.2,94.12 1 1
github.com/imansohibul/otp-service/internal/usecase/otp.go:98.85,103.2 4 1
github.com/imansohibul/otp-service/internal/usecase/otp_generator.go:14.57,18.16 2 1
github.com/imansohibul/otp-service/internal/usecase/otp_generator.go:18.16,20.3 1 1
github.com/imansohibul/otp-service/internal/usecase/otp_generator.go:23.2,23.44 1 1
github.com/imansohibul/otp-service/internal/usecase/otp_generator.go:26.37,28.2 1 1
github.com/imansohibul/otp-service/internal/repository/otp_repository.go:17.51,21.2 1 1
github.com/imansohibul/otp-service/internal/repository/otp_repository.go:24.76,37.16 3 1
github.com/imansohibul/otp-service/internal/repository/otp_repository.go:37.16,39.39 1 1
github.com/imansohibul/otp-service/internal/repository/otp_repository.go:39.39,41.4 1 1
github.com/imansohibul/otp-service/internal/repository/otp_repository.go:42.3,42.13 1 1
github.com/imansohibul/otp-service/internal/repository/otp_repository.go:45.2,45.12 1 1
github.com/imansohibul/otp-service/internal/repository/otp_repository.go:49.118,57.96 3 1
github.com/imansohibul/otp-service/internal/repository/otp_repository.go:57.96,59.27 1 1
github.com/imansohibul/otp-service/internal/repository/otp_repository.go:59.27,61.4 1 1
github.com/imansohibul/otp-service/internal/repository/otp_repository.go:62.3,62.18 1 1
github.com/imansohibul/otp-service/internal/repository/otp_repository.go:65.2,65.31 1 1
github.com/imansohibul/otp-service/internal/repository/otp_repository.go:69.76,84.2 3 1
github.com/imansohibul/otp-service/internal/repository/otp_repository.go:89.98,99.87 3 1
github.com/imansohibul/otp-service/internal/repository/otp_repository.go:99.87,101.27 1 1
github.com/imansohibul/otp-service/internal/repository/otp_repository.go:101.27,103.4 1 1
github.com/imansohibul/otp-service/internal/repository/otp_repository.go:104.3,104.18 1 1
github.com/imansohibul/otp-service/internal/repository/otp_repository.go:107.2,107.31 1 1
github.com/imansohibul/otp-service/internal/repository/repository.go:15.50,17.34 2 1
github.com/imansohibul/otp-service/internal/repository/repository.go:17.34,19.6 1 1
github.com/imansohibul/otp-service/internal/repository/repository.go:20.5,20.17 1 1
github.com/imansohibul/otp-service/internal/repository/transaction_manager.go:26.61,28.2 1 1
github.com/imansohibul/otp-service/internal/repository/transaction_manager.go:31.109,33.16 2 1
github.com/imansohibul/otp-service/internal/repository/transaction_manager.go:33.16,35.3 1 1
github.com/imansohibul/otp-service/internal/repository/transaction_manager.go:37.2,40.32 3 1
github.com/imansohibul/otp-service/internal/repository/transaction_manager.go:40.32,42.3 1 1
github.com/imansohibul/otp-service/internal/repository/transaction_manager.go:44.2,44.20 1 1
github.com/imansohibul/otp-service/internal/repository/transaction_manager.go:48.59,51.2 2 1
github.com/imansohibul/otp-service/internal/repository/transaction_manager.go:56.66,57.50 1 1
github.com/imansohibul/otp-service/internal/repository/transaction_manager.go:57.50,59.3 1 0
github.com/imansohibul/otp-service/internal/repository/transaction_manager.go:61.2,61.11 1 1
github.com/imansohibul/otp-service/internal/repository/types.go:28.41,38.2 1 1
github.com/imansohibul/otp-service/entity/error.go:11.37,13.2 1 0
github.com/imansohibul/otp-service/entity/error.go:16.56,18.2 1 1
github.com/imansohibul/otp-service/entity/otp.go:20.36,29.2 3 0
github.com/imansohibul/otp-service/internal/handler/otp.go:13.65,19.39 2 1
github.com/imansohibul/otp-service/internal/handler/otp.go:19.39,21.3 1 1
github.com/imansohibul/otp-service/internal/handler/otp.go:23.2,24.16 2 1
github.com/imansohibul/otp-service/internal/handler/otp.go:24.16,26.3 1 1
github.com/imansohibul/otp-service/internal/handler/otp.go:28.2,31.4 1 1
github.com/imansohibul/otp-service/internal/handler/otp.go:36.66,42.39 2 1
github.com/imansohibul/otp-service/internal/handler/otp.go:42.39,44.3 1 1
github.com/imansohibul/otp-service/internal/handler/otp.go:46.2,47.16 2 1
github.com/imansohibul/otp-service/internal/handler/otp.go:47.16,49.3 1 1
github.com/imansohibul/otp-service/internal/handler/otp.go:51.2,54.4 1 1
github.com/imansohibul/otp-service/internal/handler/server.go:23.61,40.16 8 0
github.com/imansohibul/otp-service/internal/handler/server.go:40.16,42.3 1 0
github.com/imansohibul/otp-service/internal/handler/server.go:44.2,52.15 6 0
github.com/imansohibul/otp-service/internal/handler/server.go:56.53,58.2 1 0
github.com/imansohibul/otp-service/internal/handler/server.go:62.61,64.2 1 0
github.com/imansohibul/otp-service/internal/handler/server.go:67.72,80.2 2 0
github.com/imansohibul/otp-service/internal/repository/otp_repository.go:17.51,21.2 1 1
github.com/imansohibul/otp-service/internal/repository/otp_repository.go:24.76,37.16 3 1
github.com/imansohibul/otp-service/internal/repository/otp_repository.go:37.16,39.39 1 1
github.com/imansohibul/otp-service/internal/repository/otp_repository.go:39.39,41.4 1 1
github.com/imansohibul/otp-service/internal/repository/otp_repository.go:42.3,42.13 1 1
github.com/imansohibul/otp-service/internal/repository/otp_repository.go:45.2,45.12 1 1
github.com/imansohibul/otp-service/internal/repository/otp_repository.go:49.118,57.96 3 1
github.com/imansohibul/otp-service/internal/repository/otp_repository.go:57.96,59.27 1 1
github.com/imansohibul/otp-service/internal/repository/otp_repository.go:59.27,61.4 1 1
github.com/imansohibul/otp-service/internal/repository/otp_repository.go:62.3,62.18 1 1
github.com/imansohibul/otp-service/internal/repository/otp_repository.go:65.2,65.31 1 1
github.com/imansohibul/otp-service/internal/repository/otp_repository.go:69.76,84.2 3 1
github.com/imansohibul/otp-service/internal/repository/otp_repository.go:89.98,99.87 3 1
github.com/imansohibul/otp-service/internal/repository/otp_repository.go:99.87,101.27 1 1
github.com/imansohibul/otp-service/internal/repository/otp_repository.go:101.27,103.4 1 1
github.com/imansohibul/otp-service/internal/repository/otp_repository.go:104.3,104.18 1 1
github.com/imansohibul/otp-service/internal/repository/otp_repository.go:107.2,107.31 1 1
github.com/imansohibul/otp-service/internal/repository/repository.go:15.50,17.34 2 1
github.com/imansohibul/otp-service/internal/repository/repository.go:17.34,19.6 1 1
github.com/imansohibul/otp-service/internal/repository/repository.go:20.5,20.17 1 1
github.com/imansohibul/otp-service/internal/repository/transaction_manager.go:26.61,28.2 1 1
github.com/imansohibul/otp-service/internal/repository/transaction_manager.go:31.109,33.16 2 1
github.com/imansohibul/otp-service/internal/repository/transaction_manager.go:33.16,35.3 1 1
github.com/imansohibul/otp-service/internal/repository/transaction_manager.go:37.2,40.32 3 1
github.com/imansohibul/otp-service/internal/repository/transaction_manager.go:40.32,42.3 1 1
github.com/imansohibul/otp-service/internal/repository/transaction_manager.go:44.2,44.20 1 1
github.com/imansohibul/otp-service/internal/repository/transaction_manager.go:48.59,51.2 2 1
github.com/imansohibul/otp-service/internal/repository/transaction_manager.go:56.66,57.50 1 1
github.com/imansohibul/otp-service/internal/repository/transaction_manager.go:57.50,59.3 1 0
github.com/imansohibul/otp-service/internal/repository/transaction_manager.go:61.2,61.11 1 1
github.com/imansohibul/otp-service/internal/repository/types.go:28.41,38.2 1 1
github.com/imansohibul/otp-service/internal/handler/middleware/middleware.go:12.48,15.30 2 1
github.com/imansohibul/otp-service/internal/handler/middleware/middleware.go:15.30,17.3 1 1
github.com/imansohibul/otp-service/internal/handler/middleware/middleware.go:20.2,20.32 1 1
github.com/imansohibul/otp-service/internal/handler/middleware/middleware.go:20.32,22.52 2 1
github.com/imansohibul/otp-service/internal/handler/middleware/middleware.go:22.52,24.4 1 1
github.com/imansohibul/otp-service/internal/handler/middleware/middleware.go:26.3,30.9 2 1
github.com/imansohibul/otp-service/internal/handler/middleware/middleware.go:34.2,37.3 1 1
github.com/imansohibul/otp-service/internal/usecase/otp.go:21.82,26.2 1 1
github.com/imansohibul/otp-service/internal/usecase/otp.go:28.86,31.65 2 1
github.com/imansohibul/otp-service/internal/usecase/otp.go:31.65,32.57 1 1
github.com/imansohibul/otp-service/internal/usecase/otp.go:32.57,34.4 1 1
github.com/imansohibul/otp-service/internal/usecase/otp.go:37.2,38.16 2 1
github.com/imansohibul/otp-service/internal/usecase/otp.go:38.16,40.3 1 0
github.com/imansohibul/otp-service/internal/usecase/otp.go:42.2,48.51 2 1
github.com/imansohibul/otp-service/internal/usecase/otp.go:48.51,50.3 1 1
github.com/imansohibul/otp-service/internal/usecase/otp.go:52.2,52.17 1 1
github.com/imansohibul/otp-service/internal/usecase/otp.go:55.104,57.16 2 1
github.com/imansohibul/otp-service/internal/usecase/otp.go:57.16,59.3 1 1
github.com/imansohibul/otp-service/internal/usecase/otp.go:62.2,62.54 1 1
github.com/imansohibul/otp-service/internal/usecase/otp.go:62.54,64.3 1 1
github.com/imansohibul/otp-service/internal/usecase/otp.go:67.2,67.55 1 1
github.com/imansohibul/otp-service/internal/usecase/otp.go:67.55,69.3 1 1
github.com/imansohibul/otp-service/internal/usecase/otp.go:71.2,71.17 1 1
github.com/imansohibul/otp-service/internal/usecase/otp.go:75.84,79.45 2 1
github.com/imansohibul/otp-service/internal/usecase/otp.go:79.45,81.3 1 1
github.com/imansohibul/otp-service/internal/usecase/otp.go:84.2,84.30 1 1
github.com/imansohibul/otp-service/internal/usecase/otp.go:84.30,85.44 1 1
github.com/imansohibul/otp-service/internal/usecase/otp.go:85.44,87.53 2 1
github.com/imansohibul/otp-service/internal/usecase/otp.go:87.53,89.5 1 1
github.com/imansohibul/otp-service/internal/usecase/otp.go:91.3,91.30 1 1
github.com/imansohibul/otp-service/internal/usecase/otp.go:94.2,94.12 1 1
github.com/imansohibul/otp-service/internal/usecase/otp.go:98.85,103.2 4 1
github.com/imansohibul/otp-service/internal/usecase/otp_generator.go:14.57,18.16 2 1
github.com/imansohibul/otp-service/internal/usecase/otp_generator.go:18.16,20.3 1 1
github.com/imansohibul/otp-service/internal/usecase/otp_generator.go:23.2,23.44 1 1
github.com/imansohibul/otp-service/internal/usecase/otp_generator.go:26.37,28.2 1 1
github.com/imansohibul/otp-service/entity/error.go:11.37,13.2 1 0
github.com/imansohibul/otp-service/entity/error.go:16.56,18.2 1 1
github.com/imansohibul/otp-service/entity/otp.go:20.36,29.2 3 0
github.com/imansohibul/otp-service/internal/handler/otp.go:13.65,19.39 2 1
github.com/imansohibul/otp-service/internal/handler/otp.go:19.39,21.3 1 1
github.com/imansohibul/otp-service/internal/handler/otp.go:23.2,24.16 2 1
github.com/imansohibul/otp-service/internal/handler/otp.go:24.16,26.3 1 1
github.com/imansohibul/otp-service/internal/handler/otp.go:28.2,31.4 1 1
github.com/imansohibul/otp-service/internal/handler/otp.go:36.66,42.39 2 1
github.com/imansohibul/otp-service/internal/handler/otp.go:42.39,44.3 1 1
github.com/imansohibul/otp-service/internal/handler/otp.go:46.2,47.16 2 1
github.com/imansohibul/otp-service/internal/handler/otp.go:47.16,49.3 1 1
github.com/imansohibul/otp-service/internal/handler/otp.go:51.2,54.4 1 1
github.com/imansohibul/otp-service/internal/handler/server.go:23.61,40.16 8 0
github.com/imansohibul/otp-service/internal/handler/server.go:40.16,42.3 1 0
github.com/imansohibul/otp-service/internal/handler/server.go:44.2,52.15 6 0
github.com/imansohibul/otp-service/internal/handler/server.go:56.53,58.2 1 0
github.com/imansohibul/otp-service/internal/handler/server.go:62.61,64.2 1 0
github.com/imansohibul/otp-service/internal/handler/server.go:67.72,80.2 2 0
github.com/imansohibul/otp-service/internal/repository/otp_repository.go:17.51,21.2 1 1
github.com/imansohibul/otp-service/internal/repository/otp_repository.go:24.76,37.16 3 1
github.com/imansohibul/otp-service/internal/repository/otp_repository.go:37.16,39.39 1 1
github.com/imansohibul/otp-service/internal/repository/otp_repository.go:39.39,41.4 1 1
github.com/imansohibul/otp-service/internal/repository/otp_repository.go:42.3,42.13 1 1
github.com/imansohibul/otp-service/internal/repository/otp_repository.go:45.2,45.12 1 1
github.com/imansohibul/otp-service/internal/repository/otp_repository.go:49.118,57.96 3 1
github.com/imansohibul/otp-service/internal/repository/otp_repository.go:57.96,59.27 1 1
github.com/imansohibul/otp-service/internal/repository/otp_repository.go:59.27,61.4 1 1
github.com/imansohibul/otp-service/internal/repository/otp_repository.go:62.3,62.18 1 1
github.com/imansohibul/otp-service/internal/repository/otp_repository.go:65.2,65.31 1 1
github.com/imansohibul/otp-service/internal/repository/otp_repository.go:69.76,84.2 3 1
github.com/imansohibul/otp-service/internal/repository/otp_repository.go:89.98,99.87 3 1
github.com/imansohibul/otp-service/internal/repository/otp_repository.go:99.87,101.27 1 1
github.com/imansohibul/otp-service/internal/repository/otp_repository.go:101.27,103.4 1 1
github.com/imansohibul/otp-service/internal/repository/otp_repository.go:104.3,104.18 1 1
github.com/imansohibul/otp-service/internal/repository/otp_repository.go:107.2,107.31 1 1
github.com/imansohibul/otp-service/internal/repository/repository.go:15.50,17.34 2 1
github.com/imansohibul/otp-service/internal/repository/repository.go:17.34,19.6 1 1
github.com/imansohibul/otp-service/internal/repository/repository.go:20.5,20.17 1 1
github.com/imansohibul/otp-service/internal/repository/transaction_manager.go:26.61,28.2 1 1
github.com/imansohibul/otp-service/internal/repository/transaction_manager.go:31.109,33.16 2 1
github.com/imansohibul/otp-service/internal/repository/transaction_manager.go:33.16,35.3 1 1
github.com/imansohibul/otp-service/internal/repository/transaction_manager.go:37.2,40.32 3 1
github.com/imansohibul/otp-service/internal/repository/transaction_manager.go:40.32,42.3 1 1
github.com/imansohibul/otp-service/internal/repository/transaction_manager.go:44.2,44.20 1 1
github.com/imansohibul/otp-service/internal/repository/transaction_manager.go:48.59,51.2 2 1
github.com/imansohibul/otp-service/internal/repository/transaction_manager.go:56.66,57.50 1 1
github.com/imansohibul/otp-service/internal/repository/transaction_manager.go:57.50,59.3 1 0
github.com/imansohibul/otp-service/internal/repository/transaction_manager.go:61.2,61.11 1 1
github.com/imansohibul/otp-service/internal/repository/types.go:28.41,38.2 1 1
github.com/imansohibul/otp-service/internal/usecase/otp.go:21.82,26.2 1 1
github.com/imansohibul/otp-service/internal/usecase/otp.go:28.86,31.65 2 1
github.com/imansohibul/otp-service/internal/usecase/otp.go:31.65,32.57 1 1
github.com/imansohibul/otp-service/internal/usecase/otp.go:32.57,34.4 1 1
github.com/imansohibul/otp-service/internal/usecase/otp.go:37.2,38.16 2 1
github.com/imansohibul/otp-service/internal/usecase/otp.go:38.16,40.3 1 0
github.com/imansohibul/otp-service/internal/usecase/otp.go:42.2,48.51 2 1
github.com/imansohibul/otp-service/internal/usecase/otp.go:48.51,50.3 1 1
github.com/imansohibul/otp-service/internal/usecase/otp.go:52.2,52.17 1 1
github.com/imansohibul/otp-service/internal/usecase/otp.go:55.104,57.16 2 1
github.com/imansohibul/otp-service/internal/usecase/otp.go:57.16,59.3 1 1
github.com/imansohibul/otp-service/internal/usecase/otp.go:62.2,62.54 1 1
github.com/imansohibul/otp-service/internal/usecase/otp.go:62.54,64.3 1 1
github.com/imansohibul/otp-service/internal/usecase/otp.go:67.2,67.55 1 1
github.com/imansohibul/otp-service/internal/usecase/otp.go:67.55,69.3 1 1
github.com/imansohibul/otp-service/internal/usecase/otp.go:71.2,71.17 1 1
github.com/imansohibul/otp-service/internal/usecase/otp.go:75.84,79.45 2 1
github.com/imansohibul/otp-service/internal/usecase/otp.go:79.45,81.3 1 1
github.com/imansohibul/otp-service/internal/usecase/otp.go:84.2,84.30 1 1
github.com/imansohibul/otp-service/internal/usecase/otp.go:84.30,85.44 1 1
github.com/imansohibul/otp-service/internal/usecase/otp.go:85.44,87.53 2 1
github.com/imansohibul/otp-service/internal/usecase/otp.go:87.53,89.5 1 1
github.com/imansohibul/otp-service/internal/usecase/otp.go:91.3,91.30 1 1
github.com/imansohibul/otp-service/internal/usecase/otp.go:94.2,94.12 1 1
github.com/imansohibul/otp-service/internal/usecase/otp.go:98.85,103.2 4 1
github.com/imansohibul/otp-service/internal/usecase/otp_generator.go:14.57,18.16 2 1
github.com/imansohibul/otp-service/internal/usecase/otp_generator.go:18.16,20.3 1 1
github.com/imansohibul/otp-service/internal/usecase/otp_generator.go:23.2,23.44 1 1
github.com/imansohibul/otp-service/internal/usecase/otp_generator.go:26.37,28.2 1 1
github.com/imansohibul/otp-service/internal/handler/middleware/middleware.go:12.48,15.30 2 1
github.com/imansohibul/otp-service/internal/handler/middleware/middleware.go:15.30,17.3 1 1
github.com/imansohibul/otp-service/internal/handler/middleware/middleware.go:20.2,20.32 1 1
github.com/imansohibul/otp-service/internal/handler/middleware/middleware.go:20.32,22.52 2 1
github.com/imansohibul/otp-service/internal/handler/middleware/middleware.go:22.52,24.4 1 1
github.com/imansohibul/otp-service/internal/handler/middleware/middleware.go:26.3,30.9 2 1
github.com/imansohibul/otp-service/internal/handler/middleware/middleware.go:34.2,37.3 1 1
